
[16:20:46]
mscorlib
输入字符串的格式不正确。
System.FormatException: 输入字符串的格式不正确。
   在 System.Number.StringToNumber(String str, NumberStyles options, NumberBuffer& number, NumberFormatInfo info, Boolean parseDecimal)
   在 System.Number.ParseSingle(String value, NumberStyles options, NumberFormatInfo numfmt)
   在 System.Single.Parse(String s, NumberStyles style, NumberFormatInfo info)
   在 YTGPS_Server.FormMain.C_Pos_Mileage(DataClient dataClient, String rec) 位置 F:\GPS 新\working code\Car\YTGPS_cs2\YTGPS_Server\FormMain.DataSocket.cs:行号 813


[16:20:47]
mscorlib
输入字符串的格式不正确。
System.FormatException: 输入字符串的格式不正确。
   在 System.Number.StringToNumber(String str, NumberStyles options, NumberBuffer& number, NumberFormatInfo info, Boolean parseDecimal)
   在 System.Number.ParseSingle(String value, NumberStyles options, NumberFormatInfo numfmt)
   在 System.Single.Parse(String s, NumberStyles style, NumberFormatInfo info)
   在 YTGPS_Server.FormMain.C_Pos_Mileage(DataClient dataClient, String rec) 位置 F:\GPS 新\working code\Car\YTGPS_cs2\YTGPS_Server\FormMain.DataSocket.cs:行号 813


[16:20:47]
mscorlib
输入字符串的格式不正确。
System.FormatException: 输入字符串的格式不正确。
   在 System.Number.StringToNumber(String str, NumberStyles options, NumberBuffer& number, NumberFormatInfo info, Boolean parseDecimal)
   在 System.Number.ParseSingle(String value, NumberStyles options, NumberFormatInfo numfmt)
   在 System.Single.Parse(String s, NumberStyles style, NumberFormatInfo info)
   在 YTGPS_Server.FormMain.C_Pos_Mileage(DataClient dataClient, String rec) 位置 F:\GPS 新\working code\Car\YTGPS_cs2\YTGPS_Server\FormMain.DataSocket.cs:行号 813


[16:20:47]
mscorlib
输入字符串的格式不正确。
System.FormatException: 输入字符串的格式不正确。
   在 System.Number.StringToNumber(String str, NumberStyles options, NumberBuffer& number, NumberFormatInfo info, Boolean parseDecimal)
   在 System.Number.ParseSingle(String value, NumberStyles options, NumberFormatInfo numfmt)
   在 System.Single.Parse(String s, NumberStyles style, NumberFormatInfo info)
   在 YTGPS_Server.FormMain.C_Pos_Mileage(DataClient dataClient, String rec) 位置 F:\GPS 新\working code\Car\YTGPS_cs2\YTGPS_Server\FormMain.DataSocket.cs:行号 813


[16:20:48]
mscorlib
输入字符串的格式不正确。
System.FormatException: 输入字符串的格式不正确。
   在 System.Number.StringToNumber(String str, NumberStyles options, NumberBuffer& number, NumberFormatInfo info, Boolean parseDecimal)
   在 System.Number.ParseSingle(String value, NumberStyles options, NumberFormatInfo numfmt)
   在 System.Single.Parse(String s, NumberStyles style, NumberFormatInfo info)
   在 YTGPS_Server.FormMain.C_Pos_Mileage(DataClient dataClient, String rec) 位置 F:\GPS 新\working code\Car\YTGPS_cs2\YTGPS_Server\FormMain.DataSocket.cs:行号 813


[16:20:48]
mscorlib
输入字符串的格式不正确。
System.FormatException: 输入字符串的格式不正确。
   在 System.Number.StringToNumber(String str, NumberStyles options, NumberBuffer& number, NumberFormatInfo info, Boolean parseDecimal)
   在 System.Number.ParseSingle(String value, NumberStyles options, NumberFormatInfo numfmt)
   在 System.Single.Parse(String s, NumberStyles style, NumberFormatInfo info)
   在 YTGPS_Server.FormMain.C_Pos_Mileage(DataClient dataClient, String rec) 位置 F:\GPS 新\working code\Car\YTGPS_cs2\YTGPS_Server\FormMain.DataSocket.cs:行号 813


[16:20:48]
mscorlib
输入字符串的格式不正确。
System.FormatException: 输入字符串的格式不正确。
   在 System.Number.StringToNumber(String str, NumberStyles options, NumberBuffer& number, NumberFormatInfo info, Boolean parseDecimal)
   在 System.Number.ParseSingle(String value, NumberStyles options, NumberFormatInfo numfmt)
   在 System.Single.Parse(String s, NumberStyles style, NumberFormatInfo info)
   在 YTGPS_Server.FormMain.C_Pos_Mileage(DataClient dataClient, String rec) 位置 F:\GPS 新\working code\Car\YTGPS_cs2\YTGPS_Server\FormMain.DataSocket.cs:行号 813


[16:20:48]
mscorlib
输入字符串的格式不正确。
System.FormatException: 输入字符串的格式不正确。
   在 System.Number.StringToNumber(String str, NumberStyles options, NumberBuffer& number, NumberFormatInfo info, Boolean parseDecimal)
   在 System.Number.ParseSingle(String value, NumberStyles options, NumberFormatInfo numfmt)
   在 System.Single.Parse(String s, NumberStyles style, NumberFormatInfo info)
   在 YTGPS_Server.FormMain.C_Pos_Mileage(DataClient dataClient, String rec) 位置 F:\GPS 新\working code\Car\YTGPS_cs2\YTGPS_Server\FormMain.DataSocket.cs:行号 813


[16:20:49]
mscorlib
输入字符串的格式不正确。
System.FormatException: 输入字符串的格式不正确。
   在 System.Number.StringToNumber(String str, NumberStyles options, NumberBuffer& number, NumberFormatInfo info, Boolean parseDecimal)
   在 System.Number.ParseSingle(String value, NumberStyles options, NumberFormatInfo numfmt)
   在 System.Single.Parse(String s, NumberStyles style, NumberFormatInfo info)
   在 YTGPS_Server.FormMain.C_Pos_Mileage(DataClient dataClient, String rec) 位置 F:\GPS 新\working code\Car\YTGPS_cs2\YTGPS_Server\FormMain.DataSocket.cs:行号 813


[16:20:49]
mscorlib
输入字符串的格式不正确。
System.FormatException: 输入字符串的格式不正确。
   在 System.Number.StringToNumber(String str, NumberStyles options, NumberBuffer& number, NumberFormatInfo info, Boolean parseDecimal)
   在 System.Number.ParseSingle(String value, NumberStyles options, NumberFormatInfo numfmt)
   在 System.Single.Parse(String s, NumberStyles style, NumberFormatInfo info)
   在 YTGPS_Server.FormMain.C_Pos_Mileage(DataClient dataClient, String rec) 位置 F:\GPS 新\working code\Car\YTGPS_cs2\YTGPS_Server\FormMain.DataSocket.cs:行号 813


[16:20:49]
mscorlib
输入字符串的格式不正确。
System.FormatException: 输入字符串的格式不正确。
   在 System.Number.StringToNumber(String str, NumberStyles options, NumberBuffer& number, NumberFormatInfo info, Boolean parseDecimal)
   在 System.Number.ParseSingle(String value, NumberStyles options, NumberFormatInfo numfmt)
   在 System.Single.Parse(String s, NumberStyles style, NumberFormatInfo info)
   在 YTGPS_Server.FormMain.C_Pos_Mileage(DataClient dataClient, String rec) 位置 F:\GPS 新\working code\Car\YTGPS_cs2\YTGPS_Server\FormMain.DataSocket.cs:行号 813


[16:20:49]
mscorlib
输入字符串的格式不正确。
System.FormatException: 输入字符串的格式不正确。
   在 System.Number.StringToNumber(String str, NumberStyles options, NumberBuffer& number, NumberFormatInfo info, Boolean parseDecimal)
   在 System.Number.ParseSingle(String value, NumberStyles options, NumberFormatInfo numfmt)
   在 System.Single.Parse(String s, NumberStyles style, NumberFormatInfo info)
   在 YTGPS_Server.FormMain.C_Pos_Mileage(DataClient dataClient, String rec) 位置 F:\GPS 新\working code\Car\YTGPS_cs2\YTGPS_Server\FormMain.DataSocket.cs:行号 813


[16:21:04]
mscorlib
输入字符串的格式不正确。
System.FormatException: 输入字符串的格式不正确。
   在 System.Number.StringToNumber(String str, NumberStyles options, NumberBuffer& number, NumberFormatInfo info, Boolean parseDecimal)
   在 System.Number.ParseSingle(String value, NumberStyles options, NumberFormatInfo numfmt)
   在 System.Single.Parse(String s, NumberStyles style, NumberFormatInfo info)
   在 YTGPS_Server.FormMain.C_Pos_Mileage(DataClient dataClient, String rec) 位置 F:\GPS 新\working code\Car\YTGPS_cs2\YTGPS_Server\FormMain.DataSocket.cs:行号 813


[16:21:04]
mscorlib
输入字符串的格式不正确。
System.FormatException: 输入字符串的格式不正确。
   在 System.Number.StringToNumber(String str, NumberStyles options, NumberBuffer& number, NumberFormatInfo info, Boolean parseDecimal)
   在 System.Number.ParseSingle(String value, NumberStyles options, NumberFormatInfo numfmt)
   在 System.Single.Parse(String s, NumberStyles style, NumberFormatInfo info)
   在 YTGPS_Server.FormMain.C_Pos_Mileage(DataClient dataClient, String rec) 位置 F:\GPS 新\working code\Car\YTGPS_cs2\YTGPS_Server\FormMain.DataSocket.cs:行号 813


[16:21:04]
mscorlib
输入字符串的格式不正确。
System.FormatException: 输入字符串的格式不正确。
   在 System.Number.StringToNumber(String str, NumberStyles options, NumberBuffer& number, NumberFormatInfo info, Boolean parseDecimal)
   在 System.Number.ParseSingle(String value, NumberStyles options, NumberFormatInfo numfmt)
   在 System.Single.Parse(String s, NumberStyles style, NumberFormatInfo info)
   在 YTGPS_Server.FormMain.C_Pos_Mileage(DataClient dataClient, String rec) 位置 F:\GPS 新\working code\Car\YTGPS_cs2\YTGPS_Server\FormMain.DataSocket.cs:行号 813


[16:21:04]
mscorlib
输入字符串的格式不正确。
System.FormatException: 输入字符串的格式不正确。
   在 System.Number.StringToNumber(String str, NumberStyles options, NumberBuffer& number, NumberFormatInfo info, Boolean parseDecimal)
   在 System.Number.ParseSingle(String value, NumberStyles options, NumberFormatInfo numfmt)
   在 System.Single.Parse(String s, NumberStyles style, NumberFormatInfo info)
   在 YTGPS_Server.FormMain.C_Pos_Mileage(DataClient dataClient, String rec) 位置 F:\GPS 新\working code\Car\YTGPS_cs2\YTGPS_Server\FormMain.DataSocket.cs:行号 813


[16:21:04]
mscorlib
输入字符串的格式不正确。
System.FormatException: 输入字符串的格式不正确。
   在 System.Number.StringToNumber(String str, NumberStyles options, NumberBuffer& number, NumberFormatInfo info, Boolean parseDecimal)
   在 System.Number.ParseSingle(String value, NumberStyles options, NumberFormatInfo numfmt)
   在 System.Single.Parse(String s, NumberStyles style, NumberFormatInfo info)
   在 YTGPS_Server.FormMain.C_Pos_Mileage(DataClient dataClient, String rec) 位置 F:\GPS 新\working code\Car\YTGPS_cs2\YTGPS_Server\FormMain.DataSocket.cs:行号 813


[16:21:04]
mscorlib
输入字符串的格式不正确。
System.FormatException: 输入字符串的格式不正确。
   在 System.Number.StringToNumber(String str, NumberStyles options, NumberBuffer& number, NumberFormatInfo info, Boolean parseDecimal)
   在 System.Number.ParseSingle(String value, NumberStyles options, NumberFormatInfo numfmt)
   在 System.Single.Parse(String s, NumberStyles style, NumberFormatInfo info)
   在 YTGPS_Server.FormMain.C_Pos_Mileage(DataClient dataClient, String rec) 位置 F:\GPS 新\working code\Car\YTGPS_cs2\YTGPS_Server\FormMain.DataSocket.cs:行号 813


[16:21:04]
mscorlib
输入字符串的格式不正确。
System.FormatException: 输入字符串的格式不正确。
   在 System.Number.StringToNumber(String str, NumberStyles options, NumberBuffer& number, NumberFormatInfo info, Boolean parseDecimal)
   在 System.Number.ParseSingle(String value, NumberStyles options, NumberFormatInfo numfmt)
   在 System.Single.Parse(String s, NumberStyles style, NumberFormatInfo info)
   在 YTGPS_Server.FormMain.C_Pos_Mileage(DataClient dataClient, String rec) 位置 F:\GPS 新\working code\Car\YTGPS_cs2\YTGPS_Server\FormMain.DataSocket.cs:行号 813


[16:23:06]
mscorlib
输入字符串的格式不正确。
System.FormatException: 输入字符串的格式不正确。
   在 System.Number.StringToNumber(String str, NumberStyles options, NumberBuffer& number, NumberFormatInfo info, Boolean parseDecimal)
   在 System.Number.ParseSingle(String value, NumberStyles options, NumberFormatInfo numfmt)
   在 System.Single.Parse(String s, NumberStyles style, NumberFormatInfo info)
   在 YTGPS_Server.FormMain.C_Pos_Mileage(DataClient dataClient, String rec) 位置 F:\GPS 新\working code\Car\YTGPS_cs2\YTGPS_Server\FormMain.DataSocket.cs:行号 813


[16:23:13]
mscorlib
输入字符串的格式不正确。
System.FormatException: 输入字符串的格式不正确。
   在 System.Number.StringToNumber(String str, NumberStyles options, NumberBuffer& number, NumberFormatInfo info, Boolean parseDecimal)
   在 System.Number.ParseSingle(String value, NumberStyles options, NumberFormatInfo numfmt)
   在 System.Single.Parse(String s, NumberStyles style, NumberFormatInfo info)
   在 YTGPS_Server.FormMain.C_Pos_Mileage(DataClient dataClient, String rec) 位置 F:\GPS 新\working code\Car\YTGPS_cs2\YTGPS_Server\FormMain.DataSocket.cs:行号 813


[16:23:15]
mscorlib
输入字符串的格式不正确。
System.FormatException: 输入字符串的格式不正确。
   在 System.Number.StringToNumber(String str, NumberStyles options, NumberBuffer& number, NumberFormatInfo info, Boolean parseDecimal)
   在 System.Number.ParseSingle(String value, NumberStyles options, NumberFormatInfo numfmt)
   在 System.Single.Parse(String s, NumberStyles style, NumberFormatInfo info)
   在 YTGPS_Server.FormMain.C_Pos_Mileage(DataClient dataClient, String rec) 位置 F:\GPS 新\working code\Car\YTGPS_cs2\YTGPS_Server\FormMain.DataSocket.cs:行号 813


[16:23:16]
mscorlib
输入字符串的格式不正确。
System.FormatException: 输入字符串的格式不正确。
   在 System.Number.StringToNumber(String str, NumberStyles options, NumberBuffer& number, NumberFormatInfo info, Boolean parseDecimal)
   在 System.Number.ParseSingle(String value, NumberStyles options, NumberFormatInfo numfmt)
   在 System.Single.Parse(String s, NumberStyles style, NumberFormatInfo info)
   在 YTGPS_Server.FormMain.C_Pos_Mileage(DataClient dataClient, String rec) 位置 F:\GPS 新\working code\Car\YTGPS_cs2\YTGPS_Server\FormMain.DataSocket.cs:行号 813


[16:23:16]
mscorlib
输入字符串的格式不正确。
System.FormatException: 输入字符串的格式不正确。
   在 System.Number.StringToNumber(String str, NumberStyles options, NumberBuffer& number, NumberFormatInfo info, Boolean parseDecimal)
   在 System.Number.ParseSingle(String value, NumberStyles options, NumberFormatInfo numfmt)
   在 System.Single.Parse(String s, NumberStyles style, NumberFormatInfo info)
   在 YTGPS_Server.FormMain.C_Pos_Mileage(DataClient dataClient, String rec) 位置 F:\GPS 新\working code\Car\YTGPS_cs2\YTGPS_Server\FormMain.DataSocket.cs:行号 813


[16:23:16]
mscorlib
输入字符串的格式不正确。
System.FormatException: 输入字符串的格式不正确。
   在 System.Number.StringToNumber(String str, NumberStyles options, NumberBuffer& number, NumberFormatInfo info, Boolean parseDecimal)
   在 System.Number.ParseSingle(String value, NumberStyles options, NumberFormatInfo numfmt)
   在 System.Single.Parse(String s, NumberStyles style, NumberFormatInfo info)
   在 YTGPS_Server.FormMain.C_Pos_Mileage(DataClient dataClient, String rec) 位置 F:\GPS 新\working code\Car\YTGPS_cs2\YTGPS_Server\FormMain.DataSocket.cs:行号 813


[16:23:17]
mscorlib
输入字符串的格式不正确。
System.FormatException: 输入字符串的格式不正确。
   在 System.Number.StringToNumber(String str, NumberStyles options, NumberBuffer& number, NumberFormatInfo info, Boolean parseDecimal)
   在 System.Number.ParseSingle(String value, NumberStyles options, NumberFormatInfo numfmt)
   在 System.Single.Parse(String s, NumberStyles style, NumberFormatInfo info)
   在 YTGPS_Server.FormMain.C_Pos_Mileage(DataClient dataClient, String rec) 位置 F:\GPS 新\working code\Car\YTGPS_cs2\YTGPS_Server\FormMain.DataSocket.cs:行号 813


[16:23:17]
mscorlib
输入字符串的格式不正确。
System.FormatException: 输入字符串的格式不正确。
   在 System.Number.StringToNumber(String str, NumberStyles options, NumberBuffer& number, NumberFormatInfo info, Boolean parseDecimal)
   在 System.Number.ParseSingle(String value, NumberStyles options, NumberFormatInfo numfmt)
   在 System.Single.Parse(String s, NumberStyles style, NumberFormatInfo info)
   在 YTGPS_Server.FormMain.C_Pos_Mileage(DataClient dataClient, String rec) 位置 F:\GPS 新\working code\Car\YTGPS_cs2\YTGPS_Server\FormMain.DataSocket.cs:行号 813


[16:23:17]
mscorlib
输入字符串的格式不正确。
System.FormatException: 输入字符串的格式不正确。
   在 System.Number.StringToNumber(String str, NumberStyles options, NumberBuffer& number, NumberFormatInfo info, Boolean parseDecimal)
   在 System.Number.ParseSingle(String value, NumberStyles options, NumberFormatInfo numfmt)
   在 System.Single.Parse(String s, NumberStyles style, NumberFormatInfo info)
   在 YTGPS_Server.FormMain.C_Pos_Mileage(DataClient dataClient, String rec) 位置 F:\GPS 新\working code\Car\YTGPS_cs2\YTGPS_Server\FormMain.DataSocket.cs:行号 813


[16:53:19]
mscorlib
输入字符串的格式不正确。
System.FormatException: 输入字符串的格式不正确。
   在 System.Number.StringToNumber(String str, NumberStyles options, NumberBuffer& number, NumberFormatInfo info, Boolean parseDecimal)
   在 System.Number.ParseSingle(String value, NumberStyles options, NumberFormatInfo numfmt)
   在 System.Single.Parse(String s, NumberStyles style, NumberFormatInfo info)
   在 YTGPS_Server.FormMain.C_Pos_Mileage(DataClient dataClient, String rec) 位置 F:\GPS 新\working code\Car\YTGPS_cs2\YTGPS_Server\FormMain.DataSocket.cs:行号 813


[16:53:24]
mscorlib
输入字符串的格式不正确。
System.FormatException: 输入字符串的格式不正确。
   在 System.Number.StringToNumber(String str, NumberStyles options, NumberBuffer& number, NumberFormatInfo info, Boolean parseDecimal)
   在 System.Number.ParseSingle(String value, NumberStyles options, NumberFormatInfo numfmt)
   在 System.Single.Parse(String s, NumberStyles style, NumberFormatInfo info)
   在 YTGPS_Server.FormMain.C_Pos_Mileage(DataClient dataClient, String rec) 位置 F:\GPS 新\working code\Car\YTGPS_cs2\YTGPS_Server\FormMain.DataSocket.cs:行号 813


[16:53:33]
mscorlib
输入字符串的格式不正确。
System.FormatException: 输入字符串的格式不正确。
   在 System.Number.StringToNumber(String str, NumberStyles options, NumberBuffer& number, NumberFormatInfo info, Boolean parseDecimal)
   在 System.Number.ParseSingle(String value, NumberStyles options, NumberFormatInfo numfmt)
   在 System.Single.Parse(String s, NumberStyles style, NumberFormatInfo info)
   在 YTGPS_Server.FormMain.C_Pos_Mileage(DataClient dataClient, String rec) 位置 F:\GPS 新\working code\Car\YTGPS_cs2\YTGPS_Server\FormMain.DataSocket.cs:行号 813


[16:53:55]
mscorlib
输入字符串的格式不正确。
System.FormatException: 输入字符串的格式不正确。
   在 System.Number.StringToNumber(String str, NumberStyles options, NumberBuffer& number, NumberFormatInfo info, Boolean parseDecimal)
   在 System.Number.ParseSingle(String value, NumberStyles options, NumberFormatInfo numfmt)
   在 System.Single.Parse(String s, NumberStyles style, NumberFormatInfo info)
   在 YTGPS_Server.FormMain.C_Pos_Mileage(DataClient dataClient, String rec) 位置 F:\GPS 新\working code\Car\YTGPS_cs2\YTGPS_Server\FormMain.DataSocket.cs:行号 813


[16:53:58]
mscorlib
输入字符串的格式不正确。
System.FormatException: 输入字符串的格式不正确。
   在 System.Number.StringToNumber(String str, NumberStyles options, NumberBuffer& number, NumberFormatInfo info, Boolean parseDecimal)
   在 System.Number.ParseSingle(String value, NumberStyles options, NumberFormatInfo numfmt)
   在 System.Single.Parse(String s, NumberStyles style, NumberFormatInfo info)
   在 YTGPS_Server.FormMain.C_Pos_Mileage(DataClient dataClient, String rec) 位置 F:\GPS 新\working code\Car\YTGPS_cs2\YTGPS_Server\FormMain.DataSocket.cs:行号 813


[16:53:58]
mscorlib
输入字符串的格式不正确。
System.FormatException: 输入字符串的格式不正确。
   在 System.Number.StringToNumber(String str, NumberStyles options, NumberBuffer& number, NumberFormatInfo info, Boolean parseDecimal)
   在 System.Number.ParseSingle(String value, NumberStyles options, NumberFormatInfo numfmt)
   在 System.Single.Parse(String s, NumberStyles style, NumberFormatInfo info)
   在 YTGPS_Server.FormMain.C_Pos_Mileage(DataClient dataClient, String rec) 位置 F:\GPS 新\working code\Car\YTGPS_cs2\YTGPS_Server\FormMain.DataSocket.cs:行号 813


[16:53:59]
mscorlib
输入字符串的格式不正确。
System.FormatException: 输入字符串的格式不正确。
   在 System.Number.StringToNumber(String str, NumberStyles options, NumberBuffer& number, NumberFormatInfo info, Boolean parseDecimal)
   在 System.Number.ParseSingle(String value, NumberStyles options, NumberFormatInfo numfmt)
   在 System.Single.Parse(String s, NumberStyles style, NumberFormatInfo info)
   在 YTGPS_Server.FormMain.C_Pos_Mileage(DataClient dataClient, String rec) 位置 F:\GPS 新\working code\Car\YTGPS_cs2\YTGPS_Server\FormMain.DataSocket.cs:行号 813


[16:59:04]
mscorlib
输入字符串的格式不正确。
System.FormatException: 输入字符串的格式不正确。
   在 System.Number.StringToNumber(String str, NumberStyles options, NumberBuffer& number, NumberFormatInfo info, Boolean parseDecimal)
   在 System.Number.ParseSingle(String value, NumberStyles options, NumberFormatInfo numfmt)
   在 System.Single.Parse(String s, NumberStyles style, NumberFormatInfo info)
   在 YTGPS_Server.FormMain.C_Pos_Mileage(DataClient dataClient, String rec) 位置 F:\GPS 新\working code\Car\YTGPS_cs2\YTGPS_Server\FormMain.DataSocket.cs:行号 813


[16:59:05]
mscorlib
输入字符串的格式不正确。
System.FormatException: 输入字符串的格式不正确。
   在 System.Number.StringToNumber(String str, NumberStyles options, NumberBuffer& number, NumberFormatInfo info, Boolean parseDecimal)
   在 System.Number.ParseSingle(String value, NumberStyles options, NumberFormatInfo numfmt)
   在 System.Single.Parse(String s, NumberStyles style, NumberFormatInfo info)
   在 YTGPS_Server.FormMain.C_Pos_Mileage(DataClient dataClient, String rec) 位置 F:\GPS 新\working code\Car\YTGPS_cs2\YTGPS_Server\FormMain.DataSocket.cs:行号 813


[16:59:05]
mscorlib
输入字符串的格式不正确。
System.FormatException: 输入字符串的格式不正确。
   在 System.Number.StringToNumber(String str, NumberStyles options, NumberBuffer& number, NumberFormatInfo info, Boolean parseDecimal)
   在 System.Number.ParseSingle(String value, NumberStyles options, NumberFormatInfo numfmt)
   在 System.Single.Parse(String s, NumberStyles style, NumberFormatInfo info)
   在 YTGPS_Server.FormMain.C_Pos_Mileage(DataClient dataClient, String rec) 位置 F:\GPS 新\working code\Car\YTGPS_cs2\YTGPS_Server\FormMain.DataSocket.cs:行号 813


[16:59:06]
mscorlib
输入字符串的格式不正确。
System.FormatException: 输入字符串的格式不正确。
   在 System.Number.StringToNumber(String str, NumberStyles options, NumberBuffer& number, NumberFormatInfo info, Boolean parseDecimal)
   在 System.Number.ParseSingle(String value, NumberStyles options, NumberFormatInfo numfmt)
   在 System.Single.Parse(String s, NumberStyles style, NumberFormatInfo info)
   在 YTGPS_Server.FormMain.C_Pos_Mileage(DataClient dataClient, String rec) 位置 F:\GPS 新\working code\Car\YTGPS_cs2\YTGPS_Server\FormMain.DataSocket.cs:行号 813


[16:59:06]
mscorlib
输入字符串的格式不正确。
System.FormatException: 输入字符串的格式不正确。
   在 System.Number.StringToNumber(String str, NumberStyles options, NumberBuffer& number, NumberFormatInfo info, Boolean parseDecimal)
   在 System.Number.ParseSingle(String value, NumberStyles options, NumberFormatInfo numfmt)
   在 System.Single.Parse(String s, NumberStyles style, NumberFormatInfo info)
   在 YTGPS_Server.FormMain.C_Pos_Mileage(DataClient dataClient, String rec) 位置 F:\GPS 新\working code\Car\YTGPS_cs2\YTGPS_Server\FormMain.DataSocket.cs:行号 813


[16:59:06]
mscorlib
输入字符串的格式不正确。
System.FormatException: 输入字符串的格式不正确。
   在 System.Number.StringToNumber(String str, NumberStyles options, NumberBuffer& number, NumberFormatInfo info, Boolean parseDecimal)
   在 System.Number.ParseSingle(String value, NumberStyles options, NumberFormatInfo numfmt)
   在 System.Single.Parse(String s, NumberStyles style, NumberFormatInfo info)
   在 YTGPS_Server.FormMain.C_Pos_Mileage(DataClient dataClient, String rec) 位置 F:\GPS 新\working code\Car\YTGPS_cs2\YTGPS_Server\FormMain.DataSocket.cs:行号 813


[16:59:07]
mscorlib
输入字符串的格式不正确。
System.FormatException: 输入字符串的格式不正确。
   在 System.Number.StringToNumber(String str, NumberStyles options, NumberBuffer& number, NumberFormatInfo info, Boolean parseDecimal)
   在 System.Number.ParseSingle(String value, NumberStyles options, NumberFormatInfo numfmt)
   在 System.Single.Parse(String s, NumberStyles style, NumberFormatInfo info)
   在 YTGPS_Server.FormMain.C_Pos_Mileage(DataClient dataClient, String rec) 位置 F:\GPS 新\working code\Car\YTGPS_cs2\YTGPS_Server\FormMain.DataSocket.cs:行号 813


[16:59:07]
mscorlib
输入字符串的格式不正确。
System.FormatException: 输入字符串的格式不正确。
   在 System.Number.StringToNumber(String str, NumberStyles options, NumberBuffer& number, NumberFormatInfo info, Boolean parseDecimal)
   在 System.Number.ParseSingle(String value, NumberStyles options, NumberFormatInfo numfmt)
   在 System.Single.Parse(String s, NumberStyles style, NumberFormatInfo info)
   在 YTGPS_Server.FormMain.C_Pos_Mileage(DataClient dataClient, String rec) 位置 F:\GPS 新\working code\Car\YTGPS_cs2\YTGPS_Server\FormMain.DataSocket.cs:行号 813


[16:59:07]
mscorlib
输入字符串的格式不正确。
System.FormatException: 输入字符串的格式不正确。
   在 System.Number.StringToNumber(String str, NumberStyles options, NumberBuffer& number, NumberFormatInfo info, Boolean parseDecimal)
   在 System.Number.ParseSingle(String value, NumberStyles options, NumberFormatInfo numfmt)
   在 System.Single.Parse(String s, NumberStyles style, NumberFormatInfo info)
   在 YTGPS_Server.FormMain.C_Pos_Mileage(DataClient dataClient, String rec) 位置 F:\GPS 新\working code\Car\YTGPS_cs2\YTGPS_Server\FormMain.DataSocket.cs:行号 813

