[10:47:06]程序启动
[10:47:27]程序启动
[10:47:29]数据服务启动
[10:47:30]TCP服务启动
[12:56:19]tcp终端信息(ascii):*HQ200BA&A19482231490537119537053600120708&B0000000000#
[12:56:19]tcp终端信息(hex):2A 48 51 32 30 30 42 41 26 41 31 39 34 38 32 32 33 31 34 39 30 35 33 37 31 31 39 35 33 37 30 35 33 36 30 30 31 32 30 37 30 38 26 42 30 30 30 30 30 30 30 30 30 30 23 
[12:58:03]tcp终端信息(ascii):*HQ,7076990000,V1,110926,A,2231.8854,N,11355.1926,E,000.00,216,080807,FFFFFBFF#
[12:58:03]tcp终端信息(hex):2A 48 51 2C 37 30 37 36 39 39 30 30 30 30 2C 56 31 2C 31 31 30 39 32 36 2C 41 2C 32 32 33 31 2E 38 38 35 34 2C 4E 2C 31 31 33 35 35 2E 31 39 32 36 2C 45 2C 30 30 30 2E 30 30 2C 32 31 36 2C 30 38 30 38 30 37 2C 46 46 46 46 46 42 46 46 23 
[13:46:00]tcp终端信息(ascii):*HQ200BA&A19482231490537119537053600120708&B0000000000#
[13:46:00]tcp终端信息(hex):2A 48 51 32 30 30 42 41 26 41 31 39 34 38 32 32 33 31 34 39 30 35 33 37 31 31 39 35 33 37 30 35 33 36 30 30 31 32 30 37 30 38 26 42 30 30 30 30 30 30 30 30 30 30 23 
[13:46:40]tcp终端信息(ascii):*HQ,7076990000,V1,110926,A,2231.8854,N,11355.1926,E,000.00,216,080807,FFFFFBFF#
[13:46:40]tcp终端信息(hex):2A 48 51 2C 37 30 37 36 39 39 30 30 30 30 2C 56 31 2C 31 31 30 39 32 36 2C 41 2C 32 32 33 31 2E 38 38 35 34 2C 4E 2C 31 31 33 35 35 2E 31 39 32 36 2C 45 2C 30 30 30 2E 30 30 2C 32 31 36 2C 30 38 30 38 30 37 2C 46 46 46 46 46 42 46 46 23 
[13:46:57]tcp终端信息(ascii):*HQ,7076990000,V1,193901,V,0000.0000,N,00000.0000,E,000.00,000,100807,FFFFFBFF#
[13:46:57]tcp终端信息(hex):2A 48 51 2C 37 30 37 36 39 39 30 30 30 30 2C 56 31 2C 31 39 33 39 30 31 2C 56 2C 30 30 30 30 2E 30 30 30 30 2C 4E 2C 30 30 30 30 30 2E 30 30 30 30 2C 45 2C 30 30 30 2E 30 30 2C 30 30 30 2C 31 30 30 38 30 37 2C 46 46 46 46 46 42 46 46 23 
[13:49:50]tcp终端信息(ascii):
*HQ200BA&A19482231240537119837053600120708&B0000000000#
[13:49:50]tcp终端信息(hex):0A 2A 48 51 32 30 30 42 41 26 41 31 39 34 38 32 32 33 31 32 34 30 35 33 37 31 31 39 38 33 37 30 35 33 36 30 30 31 32 30 37 30 38 26 42 30 30 30 30 30 30 30 30 30 30 23 
[13:53:59]tcp终端信息(ascii):*HQ,7076990000,V1,110926,A,2231.8854,N,11955.1926,E,000.00,216,080807,FFFFFBFF#
[13:53:59]tcp终端信息(hex):2A 48 51 2C 37 30 37 36 39 39 30 30 30 30 2C 56 31 2C 31 31 30 39 32 36 2C 41 2C 32 32 33 31 2E 38 38 35 34 2C 4E 2C 31 31 39 35 35 2E 31 39 32 36 2C 45 2C 30 30 30 2E 30 30 2C 32 31 36 2C 30 38 30 38 30 37 2C 46 46 46 46 46 42 46 46 23 
[13:55:42]程序启动
[14:07:30]tcp终端信息(ascii):*HQ,7076990000,V1,110926,A,2231.8854,N,11355.1926,E,000.00,216,080807,FFFFFBFF#
[14:07:30]tcp终端信息(hex):2A 48 51 2C 37 30 37 36 39 39 30 30 30 30 2C 56 31 2C 31 31 30 39 32 36 2C 41 2C 32 32 33 31 2E 38 38 35 34 2C 4E 2C 31 31 33 35 35 2E 31 39 32 36 2C 45 2C 30 30 30 2E 30 30 2C 32 31 36 2C 30 38 30 38 30 37 2C 46 46 46 46 46 42 46 46 23 
[14:07:48]tcp终端信息(ascii):*HQ200BA&A19482231490537119837053600120708&B0000000000#
[14:07:48]tcp终端信息(hex):2A 48 51 32 30 30 42 41 26 41 31 39 34 38 32 32 33 31 34 39 30 35 33 37 31 31 39 38 33 37 30 35 33 36 30 30 31 32 30 37 30 38 26 42 30 30 30 30 30 30 30 30 30 30 23 
[14:13:07]tcp终端信息(ascii):*HQ,7076990000,V1,110926,A,2231.8854,N,11955.1926,E,000.00,216,080807,FFFFFBFF#

[14:13:07]tcp终端信息(hex):2A 48 51 2C 37 30 37 36 39 39 30 30 30 30 2C 56 31 2C 31 31 30 39 32 36 2C 41 2C 32 32 33 31 2E 38 38 35 34 2C 4E 2C 31 31 39 35 35 2E 31 39 32 36 2C 45 2C 30 30 30 2E 30 30 2C 32 31 36 2C 30 38 30 38 30 37 2C 46 46 46 46 46 42 46 46 23 0D 0A 
[14:23:30]tcp终端信息(ascii):*HQ,7076990000,V1,142523,A,3131.8854,N,11955.1926,E,000.00,216,300808,FFFFFBFF#
[14:23:30]tcp终端信息(hex):2A 48 51 2C 37 30 37 36 39 39 30 30 30 30 2C 56 31 2C 31 34 32 35 32 33 2C 41 2C 33 31 33 31 2E 38 38 35 34 2C 4E 2C 31 31 39 35 35 2E 31 39 32 36 2C 45 2C 30 30 30 2E 30 30 2C 32 31 36 2C 33 30 30 38 30 38 2C 46 46 46 46 46 42 46 46 23 
[14:43:59]tcp终端信息(ascii):*HQ,7076990000,V1,144436,A,3131.8854,N,11955.1926,E,000.00,216,300808,FFFFFBFF#
[14:43:59]tcp终端信息(hex):2A 48 51 2C 37 30 37 36 39 39 30 30 30 30 2C 56 31 2C 31 34 34 34 33 36 2C 41 2C 33 31 33 31 2E 38 38 35 34 2C 4E 2C 31 31 39 35 35 2E 31 39 32 36 2C 45 2C 30 30 30 2E 30 30 2C 32 31 36 2C 33 30 30 38 30 38 2C 46 46 46 46 46 42 46 46 23 
[14:45:45]tcp终端信息(ascii):*HQ,7076990000,V1,144526,A,3131.8854,N,11985.1926,E,000.00,216,300808,FFFFFBFF#
[14:45:45]tcp终端信息(hex):2A 48 51 2C 37 30 37 36 39 39 30 30 30 30 2C 56 31 2C 31 34 34 35 32 36 2C 41 2C 33 31 33 31 2E 38 38 35 34 2C 4E 2C 31 31 39 38 35 2E 31 39 32 36 2C 45 2C 30 30 30 2E 30 30 2C 32 31 36 2C 33 30 30 38 30 38 2C 46 46 46 46 46 42 46 46 23 
[18:54:41]程序启动
