[02:28:10]程序启动
[02:29:08]程序启动
[13:45:29]程序启动
[13:46:03]程序启动
[13:46:15]数据服务启动
[13:46:16]UDP服务启动
[13:46:16]TCP服务启动
[13:59:20]tcp终端信息(ascii):*HQ,7076990000,V1,110926,A,2231.8854,N,11355.1926,E,000.00,216,080807,FFFFFBFF#
[13:59:20]tcp终端信息(hex):2A 48 51 2C 37 30 37 36 39 39 30 30 30 30 2C 56 31 2C 31 31 30 39 32 36 2C 41 2C 32 32 33 31 2E 38 38 35 34 2C 4E 2C 31 31 33 35 35 2E 31 39 32 36 2C 45 2C 30 30 30 2E 30 30 2C 32 31 36 2C 30 38 30 38 30 37 2C 46 46 46 46 46 42 46 46 23 
[14:00:30]tcp终端信息(ascii):*HQ200BA&A19482231490537119537053600120708&B0000000000#
[14:00:30]tcp终端信息(hex):2A 48 51 32 30 30 42 41 26 41 31 39 34 38 32 32 33 31 34 39 30 35 33 37 31 31 39 35 33 37 30 35 33 36 30 30 31 32 30 37 30 38 26 42 30 30 30 30 30 30 30 30 30 30 23 
[14:00:47]tcp终端信息(ascii):*HQ,7076990000,V1,193901,V,0000.0000,N,00000.0000,E,000.00,000,100807,FFFFFBFF#
[14:00:47]tcp终端信息(hex):2A 48 51 2C 37 30 37 36 39 39 30 30 30 30 2C 56 31 2C 31 39 33 39 30 31 2C 56 2C 30 30 30 30 2E 30 30 30 30 2C 4E 2C 30 30 30 30 30 2E 30 30 30 30 2C 45 2C 30 30 30 2E 30 30 2C 30 30 30 2C 31 30 30 38 30 37 2C 46 46 46 46 46 42 46 46 23 
[14:11:44]tcp终端信息(ascii):*HQ,7076990000,V1,110926,A,2231.8854,N,11355.1926,E,000.00,216,080807,FFFFFBFF#
[14:11:44]tcp终端信息(hex):2A 48 51 2C 37 30 37 36 39 39 30 30 30 30 2C 56 31 2C 31 31 30 39 32 36 2C 41 2C 32 32 33 31 2E 38 38 35 34 2C 4E 2C 31 31 33 35 35 2E 31 39 32 36 2C 45 2C 30 30 30 2E 30 30 2C 32 31 36 2C 30 38 30 38 30 37 2C 46 46 46 46 46 42 46 46 23 
[14:14:10]tcp终端信息(ascii):*HQ,7076990000,V1,110926,A,2231.8854,N,11355.1926,E,000.00,216,080807,FFFFFBFF#
[14:14:10]tcp终端信息(hex):2A 48 51 2C 37 30 37 36 39 39 30 30 30 30 2C 56 31 2C 31 31 30 39 32 36 2C 41 2C 32 32 33 31 2E 38 38 35 34 2C 4E 2C 31 31 33 35 35 2E 31 39 32 36 2C 45 2C 30 30 30 2E 30 30 2C 32 31 36 2C 30 38 30 38 30 37 2C 46 46 46 46 46 42 46 46 23 
[14:15:05]tcp终端信息(ascii):*HQ,7076990000,V1,110926,A,2241.8854,N,11255.1926,E,000.00,216,080807,FFFFFBFF#
[14:15:05]tcp终端信息(hex):2A 48 51 2C 37 30 37 36 39 39 30 30 30 30 2C 56 31 2C 31 31 30 39 32 36 2C 41 2C 32 32 34 31 2E 38 38 35 34 2C 4E 2C 31 31 32 35 35 2E 31 39 32 36 2C 45 2C 30 30 30 2E 30 30 2C 32 31 36 2C 30 38 30 38 30 37 2C 46 46 46 46 46 42 46 46 23 
[14:24:33]tcp终端信息(ascii):*HQ,7076990000,V1,110926,A,2231.8854,N,11355.1926,E,000.00,216,080807,FFFFFBFF#
[14:24:33]tcp终端信息(hex):2A 48 51 2C 37 30 37 36 39 39 30 30 30 30 2C 56 31 2C 31 31 30 39 32 36 2C 41 2C 32 32 33 31 2E 38 38 35 34 2C 4E 2C 31 31 33 35 35 2E 31 39 32 36 2C 45 2C 30 30 30 2E 30 30 2C 32 31 36 2C 30 38 30 38 30 37 2C 46 46 46 46 46 42 46 46 23 
[18:17:47]TCP服务停止
[18:17:48]UDP服务停止
[21:15:52]程序启动
[21:15:54]TCP服务启动
[21:15:55]UDP服务启动
[21:15:56]数据服务启动
[21:37:05]TCP服务停止
[21:37:05]UDP服务停止
[21:37:06]数据服务停止
[23:29:42]程序启动
[23:31:03]程序启动
[23:31:12]程序启动
[23:39:06]程序启动
[23:40:29]程序启动
[23:42:22]程序启动
