[14:50:07]程序启动
[14:50:08]TCP服务启动
[14:50:08]UDP服务启动
[14:50:08]短信猫服务启动
[14:50:08]数据服务启动
[14:56:47]程序启动
[14:56:48]TCP服务启动
[14:56:48]UDP服务启动
[14:56:48]短信猫服务启动
[14:56:48]数据服务启动
[15:59:06]程序启动
[15:59:07]TCP服务启动
[15:59:07]UDP服务启动
[15:59:07]短信猫服务启动
[15:59:07]数据服务启动
[16:00:39]程序启动
[16:00:40]TCP服务启动
[16:00:40]UDP服务启动
[16:00:40]短信猫服务启动
[16:00:40]数据服务启动
[16:00:41]TCP服务停止
[16:00:42]短信猫服务停止
[16:02:19]UDP服务停止
[16:02:20]数据服务停止
[16:02:21]UDP服务启动
[16:02:22]数据服务启动
[16:02:27]数据服务停止
[16:02:28]UDP服务停止
