[13:10:12]程序启动
[13:10:14]UDP服务启动
[13:10:15]数据服务启动
[13:13:27]程序启动
[13:13:29]UDP服务启动
[13:13:30]数据服务启动
[13:14:45]数据服务停止
[13:14:46]UDP服务停止
[13:15:02]程序启动
[13:15:05]UDP服务启动
[13:15:05]数据服务启动
[13:26:27]数据服务停止
[13:28:36]程序启动
[13:28:38]UDP服务启动
[13:28:39]数据服务启动
[13:38:14]程序启动
[13:38:17]数据服务启动
[13:38:18]UDP服务启动
[13:42:23]UDP服务停止
[13:42:23]数据服务停止
[13:42:42]程序启动
[13:42:44]UDP服务启动
[13:42:45]数据服务启动
[13:57:16]数据服务停止
[13:57:17]UDP服务停止
[13:57:48]程序启动
[13:57:53]数据服务启动
[13:58:58]程序启动
[13:59:01]数据服务启动
[14:03:36]程序启动
[14:03:38]数据服务启动
[14:08:30]数据服务停止
[14:09:02]程序启动
[14:09:04]数据服务启动
[14:19:22]程序启动
[14:19:29]数据服务启动
[14:21:37]程序启动
[14:21:39]UDP服务启动
[14:21:39]数据服务启动
[14:21:42]UDP服务停止
[14:30:20]程序启动
[14:30:22]UDP服务启动
[14:30:23]数据服务启动
[14:30:23]UDP服务停止
[14:33:08]程序启动
[14:33:10]数据服务启动
[14:34:12]数据服务停止
[14:38:31]程序启动
[14:38:33]UDP服务启动
[14:38:34]数据服务启动
[14:39:40]UDP服务停止
[14:39:41]数据服务停止
[14:40:18]程序启动
[14:40:20]UDP服务启动
[14:40:21]数据服务启动
[14:42:05]程序启动
[14:42:09]UDP服务启动
[14:42:09]数据服务启动
[14:49:18]程序启动
[14:49:20]数据服务启动
[14:51:08]程序启动
[14:51:10]数据服务启动
[15:05:21]程序启动
[15:05:25]UDP服务启动
[15:05:26]数据服务启动
[15:06:57]程序启动
[15:07:00]数据服务启动
[15:23:09]程序启动
[15:23:11]数据服务启动
[15:46:51]程序启动
[15:46:53]UDP服务启动
[15:46:54]数据服务启动
[15:48:04]数据服务停止
[15:48:06]UDP服务停止
[15:48:25]程序启动
[15:48:27]UDP服务启动
[15:48:28]数据服务启动
[16:11:31]程序启动
[16:11:33]数据服务启动
[16:12:46]数据服务停止
[16:13:00]程序启动
[16:13:01]数据服务启动
[16:14:09]数据服务停止
[16:14:37]程序启动
[16:14:38]数据服务启动
[16:29:35]程序启动
[16:29:37]短信猫服务启动
[16:29:38]短信猫服务停止
[16:29:39]数据服务启动
[16:30:52]程序启动
[16:30:55]UDP服务启动
[16:30:56]数据服务启动
[16:33:50]程序启动
[16:33:52]UDP服务启动
[16:33:53]数据服务启动
[18:54:06]程序启动
[18:54:08]UDP服务启动
[18:54:09]数据服务启动
[18:58:25]程序启动
[18:58:27]短信猫服务启动
[18:58:29]UDP服务启动
[18:58:29]短信猫服务停止
[18:58:30]数据服务启动
[20:30:16]程序启动
[20:30:20]UDP服务启动
[20:30:20]数据服务启动
[20:35:36]数据服务停止
[20:35:37]UDP服务停止
[20:36:01]程序启动
[20:36:04]数据服务启动
[20:36:06]UDP服务启动
[20:39:20]程序启动
[20:39:22]数据服务启动
[20:39:23]UDP服务启动
[20:43:18]程序启动
[20:43:20]UDP服务启动
[20:43:21]数据服务启动
[21:03:42]数据服务停止
[21:03:43]UDP服务停止
[21:04:42]程序启动
[21:04:44]数据服务启动
[21:04:45]UDP服务启动
