[15:10:26]程序启动
[15:10:48]数据服务启动
[15:10:49]UDP服务启动
[15:39:19]程序启动
[15:39:20]TCP服务启动
[15:39:20]UDP服务启动
[15:39:20]短信猫服务启动
[15:39:20]数据服务启动
[15:39:21]TCP服务停止
[15:39:21]UDP服务停止
[15:39:22]数据服务停止
[15:39:25]UDP服务启动
[15:39:26]短信猫服务停止
[15:39:26]数据服务启动
[15:49:12]UDP服务停止
[15:49:13]数据服务停止
[16:18:18]程序启动
[16:18:19]TCP服务启动
[16:18:19]UDP服务启动
[16:18:19]短信猫服务启动
[16:18:19]数据服务启动
[16:18:20]UDP服务停止
[16:18:20]TCP服务停止
[16:18:20]短信猫服务停止
[16:18:21]数据服务停止
[16:38:03]程序启动
[16:38:04]TCP服务启动
[16:38:04]UDP服务启动
[16:38:04]短信猫服务启动
[16:38:04]数据服务启动
[16:38:05]UDP服务停止
[16:38:05]短信猫服务停止
[16:38:05]TCP服务停止
[16:38:06]数据服务停止
[16:38:08]数据服务启动
[16:41:35]数据服务停止
[16:41:41]数据服务启动
[16:45:12]UDP服务启动
