[18:53:11]程序启动
[18:55:41]程序启动
[18:59:26]程序启动
[19:18:35]程序启动
[19:19:06]TCP服务启动
[19:19:07]UDP服务启动
[19:19:07]短信猫服务启动
[19:19:08]数据服务启动
[19:24:13]程序启动
[19:24:14]TCP服务启动
[19:24:14]UDP服务启动
[19:24:14]短信猫服务启动
[19:24:14]数据服务启动
[19:24:16]TCP服务停止
[19:24:16]UDP服务停止
[19:24:16]短信猫服务停止
[19:24:17]数据服务停止
[19:24:26]TCP服务启动
[19:24:27]UDP服务启动
[19:24:27]短信猫服务启动
[19:24:27]数据服务启动
[19:29:31]程序启动
[19:29:32]TCP服务启动
[19:29:32]UDP服务启动
[19:29:32]短信猫服务启动
[19:29:32]数据服务启动
[19:31:02]程序启动
[19:31:03]TCP服务启动
[19:31:03]UDP服务启动
[19:31:03]短信猫服务启动
[19:31:03]数据服务启动
[19:33:37]程序启动
[19:33:38]TCP服务启动
[19:33:38]UDP服务启动
[19:33:38]短信猫服务启动
[19:33:38]数据服务启动
[19:55:32]程序启动
[19:55:34]TCP服务启动
[19:55:34]UDP服务启动
[19:55:34]短信猫服务启动
[19:55:34]数据服务启动
[20:50:14]程序启动
[20:50:15]TCP服务启动
[20:50:15]UDP服务启动
[20:50:15]短信猫服务启动
[20:50:15]数据服务启动
[21:41:55]程序启动
[21:41:57]TCP服务启动
[21:41:57]UDP服务启动
[21:41:57]短信猫服务启动
[21:41:57]数据服务启动
[21:47:46]程序启动
[21:47:59]程序启动
[21:48:00]TCP服务启动
[21:48:00]UDP服务启动
[21:48:00]短信猫服务启动
[21:48:00]数据服务启动
[21:51:58]程序启动
[21:51:59]TCP服务启动
[21:51:59]UDP服务启动
[21:51:59]短信猫服务启动
[21:51:59]数据服务启动
