[07:39:41]程序启动
[07:39:42]TCP服务启动
[07:39:42]UDP服务启动
[07:39:42]短信猫服务启动
[07:39:42]数据服务启动
[07:43:54]程序启动
[07:43:55]TCP服务启动
[07:43:55]UDP服务启动
[07:43:55]短信猫服务启动
[07:43:55]数据服务启动
[07:43:56]TCP服务停止
[07:43:57]短信猫服务停止
[07:44:13]UDP服务停止
[12:41:28]程序启动
[12:41:29]TCP服务启动
[12:41:29]UDP服务启动
[12:41:29]短信猫服务启动
[12:41:30]数据服务启动
[12:41:32]TCP服务停止
[12:41:33]短信猫服务停止
[13:03:54]UDP服务停止
[13:03:56]数据服务停止
[13:04:01]UDP服务启动
[13:04:02]数据服务启动
[13:21:42]程序启动
[13:21:43]TCP服务启动
[13:21:43]UDP服务启动
[13:21:43]短信猫服务启动
[13:21:43]数据服务启动
[13:29:15]TCP服务停止
[13:29:15]UDP服务停止
[13:29:15]短信猫服务停止
[13:29:16]数据服务停止
[13:33:13]程序启动
[13:33:14]TCP服务启动
[13:33:14]UDP服务启动
[13:33:14]短信猫服务启动
[13:33:14]数据服务启动
[13:33:16]短信猫服务停止
[13:33:18]TCP服务停止
[13:33:21]UDP服务停止
[13:33:22]数据服务停止
[13:33:26]UDP服务启动
[13:33:27]数据服务启动
[13:43:01]UDP服务停止
[13:43:02]数据服务停止
[13:44:05]程序启动
[13:44:06]TCP服务启动
[13:44:06]UDP服务启动
[13:44:06]短信猫服务启动
[13:44:06]数据服务启动
[13:44:08]TCP服务停止
[13:44:09]短信猫服务停止
[13:58:08]UDP服务停止
[13:58:09]数据服务停止
[13:58:40]程序启动
[13:58:41]TCP服务启动
[13:58:41]UDP服务启动
[13:58:41]短信猫服务启动
[13:58:41]数据服务启动
[14:07:20]程序启动
[14:07:21]TCP服务启动
[14:07:21]UDP服务启动
[14:07:21]短信猫服务启动
[14:07:22]数据服务启动
[14:07:28]TCP服务停止
[14:07:29]短信猫服务停止
[14:14:34]程序启动
[14:14:35]TCP服务启动
[14:14:35]UDP服务启动
[14:14:35]短信猫服务启动
[14:14:35]数据服务启动
[14:14:36]TCP服务停止
[14:14:37]短信猫服务停止
[14:37:10]程序启动
[14:37:11]TCP服务启动
[14:37:11]UDP服务启动
[14:37:11]短信猫服务启动
[14:37:11]数据服务启动
[14:37:12]TCP服务停止
[14:37:12]短信猫服务停止
[14:50:11]程序启动
[14:50:12]TCP服务启动
[14:50:12]UDP服务启动
[14:50:12]短信猫服务启动
[14:50:12]数据服务启动
[14:50:29]TCP服务停止
[14:50:30]短信猫服务停止
[15:16:30]程序启动
[15:16:31]TCP服务启动
[15:16:31]UDP服务启动
[15:16:31]短信猫服务启动
[15:16:31]数据服务启动
[15:16:32]UDP服务停止
[15:16:33]TCP服务停止
[15:16:33]UDP服务启动
[15:16:34]短信猫服务停止
[15:22:04]UDP服务停止
[15:22:04]数据服务停止
[15:22:33]程序启动
[15:22:34]TCP服务启动
[15:22:34]UDP服务启动
[15:22:34]短信猫服务启动
[15:22:35]数据服务启动
[15:22:36]TCP服务停止
[15:22:36]短信猫服务停止
[15:29:08]程序启动
[15:29:09]TCP服务启动
[15:29:09]UDP服务启动
[15:29:09]短信猫服务启动
[15:29:09]数据服务启动
[15:29:11]TCP服务停止
[15:29:11]短信猫服务停止
[15:36:51]程序启动
[15:36:52]TCP服务启动
[15:36:52]UDP服务启动
[15:36:52]短信猫服务启动
[15:36:52]数据服务启动
[15:36:53]UDP服务停止
[15:36:54]TCP服务停止
[15:36:54]UDP服务启动
[15:36:55]短信猫服务停止
[15:45:04]UDP服务停止
[15:45:05]数据服务停止
[15:45:31]程序启动
[15:45:32]TCP服务启动
[15:45:32]UDP服务启动
[15:45:32]短信猫服务启动
[15:45:32]数据服务启动
[15:45:33]TCP服务停止
[15:45:34]短信猫服务停止
[15:50:24]程序启动
[15:50:25]TCP服务启动
[15:50:25]UDP服务启动
[15:50:25]短信猫服务启动
[15:50:25]数据服务启动
[16:01:03]程序启动
[16:01:03]TCP服务启动
[16:01:03]UDP服务启动
[16:01:03]短信猫服务启动
[16:01:03]数据服务启动
[16:03:07]程序启动
[16:03:08]TCP服务启动
[16:03:08]UDP服务启动
[16:03:08]短信猫服务启动
[16:03:08]数据服务启动
[16:03:10]TCP服务停止
[16:03:11]短信猫服务停止
[16:13:27]程序启动
[16:13:28]TCP服务启动
[16:13:28]UDP服务启动
[16:13:28]短信猫服务启动
[16:13:28]数据服务启动
[16:13:29]TCP服务停止
[16:13:30]短信猫服务停止
[16:16:07]UDP服务停止
[16:16:07]数据服务停止
[16:16:09]UDP服务启动
[16:16:09]数据服务启动
[16:19:50]程序启动
[16:19:51]TCP服务启动
[16:19:51]UDP服务启动
[16:19:51]短信猫服务启动
[16:19:51]数据服务启动
[16:19:52]TCP服务停止
[16:19:53]短信猫服务停止
[17:41:42]程序启动
[17:41:43]TCP服务启动
[17:41:43]UDP服务启动
[17:41:43]短信猫服务启动
[17:41:43]数据服务启动
[17:41:45]TCP服务停止
[17:41:46]短信猫服务停止
[18:10:00]程序启动
[18:10:01]TCP服务启动
[18:10:01]UDP服务启动
[18:10:01]短信猫服务启动
[18:10:01]数据服务启动
[18:17:16]程序启动
[18:17:17]TCP服务启动
[18:17:17]UDP服务启动
[18:17:17]短信猫服务启动
[18:17:17]数据服务启动
[23:38:37]程序启动
[23:38:39]TCP服务启动
[23:38:39]UDP服务启动
[23:38:39]短信猫服务启动
[23:38:39]数据服务启动
[23:38:49]短信猫服务停止
[23:38:51]TCP服务停止
[23:44:36]UDP服务停止
[23:46:03]程序启动
[23:46:04]TCP服务启动
[23:46:04]UDP服务启动
[23:46:04]短信猫服务启动
[23:46:04]数据服务启动
[23:46:24]TCP服务停止
[23:46:25]短信猫服务停止
[23:47:33]程序启动
[23:47:34]TCP服务启动
[23:47:34]UDP服务启动
[23:47:34]短信猫服务启动
[23:47:34]数据服务启动
[23:47:35]TCP服务停止
[23:47:36]短信猫服务停止
[23:50:17]程序启动
[23:50:18]TCP服务启动
[23:50:18]UDP服务启动
[23:50:18]短信猫服务启动
[23:50:18]数据服务启动
