[00:04:55]程序启动
[00:04:56]TCP服务启动
[00:04:56]UDP服务启动
[00:04:56]短信猫服务启动
[00:04:56]数据服务启动
[00:06:38]程序启动
[00:06:39]TCP服务启动
[00:06:39]UDP服务启动
[00:06:39]短信猫服务启动
[00:06:39]数据服务启动
[00:07:13]程序启动
[00:07:14]TCP服务启动
[00:07:14]UDP服务启动
[00:07:14]短信猫服务启动
[00:07:14]数据服务启动
[09:19:19]程序启动
[09:19:21]TCP服务启动
[09:19:21]UDP服务启动
[09:19:21]短信猫服务启动
[09:19:21]数据服务启动
[09:19:24]TCP服务停止
[09:19:25]短信猫服务停止
[09:39:11]程序启动
[09:39:12]TCP服务启动
[09:39:12]UDP服务启动
[09:39:12]短信猫服务启动
[09:39:12]数据服务启动
[09:41:26]程序启动
[09:41:26]TCP服务启动
[09:41:26]UDP服务启动
[09:41:26]短信猫服务启动
[09:41:26]数据服务启动
[09:44:26]程序启动
[09:44:27]TCP服务启动
[09:44:27]UDP服务启动
[09:44:27]短信猫服务启动
[09:44:27]数据服务启动
[10:39:57]程序启动
[10:39:58]TCP服务启动
[10:39:58]UDP服务启动
[10:39:58]短信猫服务启动
[10:39:58]数据服务启动
[10:41:12]程序启动
[10:41:13]TCP服务启动
[10:41:13]UDP服务启动
[10:41:13]短信猫服务启动
[10:41:13]数据服务启动
[10:42:06]程序启动
[10:42:07]TCP服务启动
[10:42:07]UDP服务启动
[10:42:07]短信猫服务启动
[10:42:07]数据服务启动
[10:49:22]程序启动
[10:49:23]TCP服务启动
[10:49:23]UDP服务启动
[10:49:23]短信猫服务启动
[10:49:23]数据服务启动
[10:49:37]TCP服务停止
[10:49:38]短信猫服务停止
[10:58:58]程序启动
[10:58:59]TCP服务启动
[10:58:59]UDP服务启动
[10:58:59]短信猫服务启动
[10:58:59]数据服务启动
[11:01:55]程序启动
[11:01:56]TCP服务启动
[11:01:56]UDP服务启动
[11:01:56]短信猫服务启动
[11:01:56]数据服务启动
[11:02:36]程序启动
[11:02:37]TCP服务启动
[11:02:37]UDP服务启动
[11:02:37]短信猫服务启动
[11:02:37]数据服务启动
[11:05:25]程序启动
[11:05:26]TCP服务启动
[11:05:26]UDP服务启动
[11:05:26]短信猫服务启动
[11:05:26]数据服务启动
[11:13:53]程序启动
[11:13:53]TCP服务启动
[11:13:53]UDP服务启动
[11:13:53]短信猫服务启动
[11:13:54]数据服务启动
[11:18:43]程序启动
[11:18:44]TCP服务启动
[11:18:44]UDP服务启动
[11:18:44]短信猫服务启动
[11:18:44]数据服务启动
[11:26:16]程序启动
[11:26:17]TCP服务启动
[11:26:17]UDP服务启动
[11:26:17]短信猫服务启动
[11:26:17]数据服务启动
[11:29:44]程序启动
[11:29:45]TCP服务启动
[11:29:45]UDP服务启动
[11:29:45]短信猫服务启动
[11:29:45]数据服务启动
[11:30:54]程序启动
[11:30:55]TCP服务启动
[11:30:55]UDP服务启动
[11:30:55]短信猫服务启动
[11:30:55]数据服务启动
[11:32:27]程序启动
[11:32:28]TCP服务启动
[11:32:28]UDP服务启动
[11:32:28]短信猫服务启动
[11:32:28]数据服务启动
[11:41:05]程序启动
[11:41:06]TCP服务启动
[11:41:06]UDP服务启动
[11:41:06]短信猫服务启动
[11:41:06]数据服务启动
[11:48:03]程序启动
[11:48:03]TCP服务启动
[11:48:03]UDP服务启动
[11:48:03]短信猫服务启动
[11:48:04]数据服务启动
[11:51:22]程序启动
[11:51:23]TCP服务启动
[11:51:23]UDP服务启动
[11:51:23]短信猫服务启动
[11:51:23]数据服务启动
[13:03:26]程序启动
[13:03:27]TCP服务启动
[13:03:27]UDP服务启动
[13:03:27]短信猫服务启动
[13:03:27]数据服务启动
[13:26:15]程序启动
[13:26:16]TCP服务启动
[13:26:16]UDP服务启动
[13:26:16]短信猫服务启动
[13:26:16]数据服务启动
[13:37:05]程序启动
[13:37:06]TCP服务启动
[13:37:06]UDP服务启动
[13:37:06]短信猫服务启动
[13:37:06]数据服务启动
[13:37:07]TCP服务停止
[13:37:09]短信猫服务停止
[13:58:05]程序启动
[13:58:06]TCP服务启动
[13:58:06]UDP服务启动
[13:58:06]短信猫服务启动
[13:58:06]数据服务启动
[14:00:01]TCP服务停止
[14:00:02]短信猫服务停止
[14:03:07]程序启动
[14:03:08]TCP服务启动
[14:03:08]UDP服务启动
[14:03:08]短信猫服务启动
[14:03:08]数据服务启动
[14:04:47]程序启动
[14:04:48]TCP服务启动
[14:04:48]UDP服务启动
[14:04:48]短信猫服务启动
[14:04:48]数据服务启动
[14:04:50]TCP服务停止
[14:04:51]短信猫服务停止
[18:16:59]程序启动
[18:17:00]TCP服务启动
[18:17:00]UDP服务启动
[18:17:00]短信猫服务启动
[18:17:00]数据服务启动
[18:17:17]TCP服务停止
[18:17:18]短信猫服务停止
