[14:08:35]程序启动
[14:08:37]UDP服务启动
[14:08:39]TCP服务启动
[14:08:40]UDP服务停止
[14:08:40]TCP服务停止
[14:09:01]TCP服务启动
[14:15:38]TCP服务停止
[14:15:47]程序启动
[14:18:57]程序启动
[14:19:00]TCP服务启动
[14:19:31]TCP服务停止
[14:20:32]程序启动
[14:20:33]TCP服务启动
[14:31:19]程序启动
[14:31:21]TCP服务启动
[14:36:06]程序启动
[14:36:08]TCP服务启动
[14:36:25]TCP服务停止
[14:36:57]程序启动
[14:36:58]UDP服务启动
[14:37:00]UDP服务停止
[14:37:00]TCP服务启动
[14:39:18]程序启动
[14:39:20]TCP服务启动
[14:40:37]程序启动
[14:40:40]TCP服务启动
[15:02:50]程序启动
[15:02:54]TCP服务启动
[15:02:57]数据服务启动
[16:38:19]TCP服务停止
[16:38:50]程序启动
[16:38:52]TCP服务启动
[16:46:21]程序启动
[16:46:25]UDP服务启动
[16:46:25]数据服务启动
[16:46:26]数据服务停止
[16:46:37]UDP服务停止
[16:46:37]TCP服务启动
[17:13:44]程序启动
[17:13:47]TCP服务启动
[17:15:09]TCP服务停止
[17:15:10]TCP服务启动
[18:44:52]程序启动
[18:44:59]TCP服务启动
[18:46:26]程序启动
[18:46:30]UDP服务启动
[18:46:31]UDP服务停止
[18:46:32]TCP服务启动
[18:48:22]程序启动
[18:48:24]TCP服务启动
[18:54:55]程序启动
[18:54:59]TCP服务启动
[21:31:49]程序启动
[21:31:53]TCP服务启动
[21:32:00]数据服务启动
[21:40:35]TCP服务停止
[21:41:33]程序启动
[21:41:36]UDP服务启动
[21:41:37]数据服务启动
[21:41:38]UDP服务停止
[21:41:38]TCP服务启动
[21:41:53]数据服务停止
[22:39:54]程序启动
[22:40:04]TCP服务启动
[22:49:12]数据服务启动
[23:18:02]TCP服务停止
