[08:10:57]程序启动
[08:10:58]TCP服务启动
[08:10:58]UDP服务启动
[08:10:58]短信猫服务启动
[08:10:58]数据服务启动
[08:11:02]TCP服务停止
[08:11:03]短信猫服务停止
[16:01:16]程序启动
[16:01:17]TCP服务启动
[16:01:17]UDP服务启动
[16:01:17]短信猫服务启动
[16:01:17]数据服务启动
[16:02:06]短信猫服务停止
[16:14:10]程序启动
[16:14:11]TCP服务启动
[16:14:11]UDP服务启动
[16:14:11]短信猫服务启动
[16:14:11]数据服务启动
[16:14:11]TCP服务停止
[16:14:12]UDP服务停止
[16:14:13]数据服务停止
[16:14:13]短信猫服务停止
[16:14:14]短信猫服务启动
[16:14:15]数据服务启动
[16:14:15]短信猫服务停止
[16:23:14]数据服务停止
[16:47:32]程序启动
[16:47:33]TCP服务启动
[16:47:33]UDP服务启动
[16:47:33]短信猫服务启动
[16:47:33]数据服务启动
[16:47:34]短信猫服务停止
[16:47:34]UDP服务停止
[16:47:35]TCP服务停止
[16:47:35]数据服务停止
[16:52:00]程序启动
[16:52:01]TCP服务启动
[16:52:01]UDP服务启动
[16:52:01]短信猫服务启动
[16:52:01]数据服务启动
[16:52:07]TCP服务停止
[16:52:08]UDP服务停止
[16:52:09]短信猫服务停止
[16:52:10]UDP服务启动
[17:17:53]UDP服务停止
[17:17:53]数据服务停止
[17:18:25]程序启动
[17:18:25]TCP服务启动
[17:18:25]UDP服务启动
[17:18:25]短信猫服务启动
[17:18:25]数据服务启动
[17:18:26]TCP服务停止
[17:18:27]短信猫服务停止
[17:20:59]数据服务停止
[17:20:59]UDP服务停止
[17:21:03]数据服务启动
[17:21:03]UDP服务启动
[17:36:22]程序启动
[17:36:23]TCP服务启动
[17:36:23]UDP服务启动
[17:36:23]短信猫服务启动
[17:36:23]数据服务启动
[17:36:35]短信猫服务停止
[17:36:35]TCP服务停止
[17:41:05]UDP服务停止
[17:41:06]数据服务停止
