[01:13:27]程序启动
[01:13:29]TCP服务启动
[01:13:29]UDP服务启动
[01:13:29]短信猫服务启动
[01:13:29]数据服务启动
[01:13:31]数据服务停止
[01:13:31]短信猫服务停止
[01:13:32]UDP服务停止
[01:13:32]TCP服务停止
[01:13:55]数据服务启动
[01:13:56]短信猫服务启动
[01:13:56]UDP服务启动
[01:13:57]TCP服务启动
[13:20:18]程序启动
[13:20:20]TCP服务启动
[13:20:20]UDP服务启动
[13:20:20]短信猫服务启动
[13:20:20]数据服务启动
[19:23:51]程序启动
[19:23:53]TCP服务启动
[19:23:53]UDP服务启动
[19:23:53]短信猫服务启动
[19:23:53]数据服务启动
[19:29:30]数据服务停止
[19:29:31]短信猫服务停止
[19:29:33]UDP服务停止
[19:29:34]TCP服务停止
[19:30:14]数据服务启动
[19:30:15]短信猫服务启动
[19:30:16]UDP服务启动
[19:30:16]TCP服务启动
