[12:13:21]程序启动
[12:13:23]TCP服务启动
[12:13:23]UDP服务启动
[12:13:23]短信猫服务启动
[12:13:23]数据服务启动
[12:14:04]TCP服务停止
[12:14:05]短信猫服务停止
[14:28:57]UDP服务停止
[14:28:57]数据服务停止
[17:22:27]程序启动
[17:22:28]TCP服务启动
[17:22:28]UDP服务启动
[17:22:28]短信猫服务启动
[17:22:28]数据服务启动
[17:22:28]短信猫服务停止
[17:22:29]UDP服务停止
[17:22:30]TCP服务停止
[17:22:31]UDP服务启动
[17:22:36]数据服务停止
[17:22:36]UDP服务停止
[17:22:42]程序启动
[17:22:43]TCP服务启动
[17:22:43]UDP服务启动
[17:22:43]短信猫服务启动
[17:22:43]数据服务启动
[17:22:44]TCP服务停止
[17:22:47]短信猫服务停止
[17:22:50]数据服务停止
[17:22:51]UDP服务停止
