[07:29:44]程序启动
[07:29:46]UDP服务启动
[07:29:47]数据服务启动
[07:32:39]程序启动
[07:32:42]UDP服务启动
[07:32:43]数据服务启动
[07:39:44]数据服务停止
[08:22:51]程序启动
[08:22:53]UDP服务启动
[08:22:54]数据服务启动
[08:27:04]程序启动
[08:28:15]UDP服务停止
[08:28:16]数据服务停止
[08:28:41]程序启动
[08:28:43]UDP服务启动
[08:28:43]数据服务启动
[08:33:47]数据服务停止
[08:33:47]UDP服务停止
[08:33:50]数据服务启动
[08:33:51]UDP服务启动
[08:44:40]UDP服务停止
[08:44:40]数据服务停止
[08:45:14]程序启动
[08:45:21]UDP服务启动
[08:45:22]数据服务启动
[08:51:34]数据服务停止
[08:51:48]程序启动
[08:51:50]UDP服务启动
[08:51:51]数据服务启动
[08:54:04]程序启动
[08:54:06]UDP服务启动
[08:54:07]数据服务启动
[09:14:28]数据服务停止
[09:14:28]UDP服务停止
[09:15:02]程序启动
[09:15:05]UDP服务启动
[09:15:05]数据服务启动
[09:19:17]UDP服务停止
[09:42:43]程序启动
[09:42:46]UDP服务启动
[09:42:47]数据服务启动
[10:30:00]程序启动
[10:30:02]UDP服务启动
[10:30:02]数据服务启动
[10:57:38]UDP服务停止
[10:57:38]数据服务停止
[11:05:00]程序启动
[11:05:03]UDP服务启动
[11:05:04]数据服务启动
[13:21:12]程序启动
[13:21:13]UDP服务启动
[13:21:14]数据服务启动
[15:15:36]UDP服务停止
[15:15:37]数据服务停止
[15:16:30]程序启动
[15:16:42]数据服务启动
[15:16:43]UDP服务启动
[15:37:38]程序启动
[15:37:42]UDP服务启动
[15:37:43]数据服务启动
[16:04:30]程序启动
[16:04:32]UDP服务启动
[16:04:33]数据服务启动
[16:40:54]数据服务停止
[16:40:55]UDP服务停止
[16:42:00]程序启动
[16:42:03]UDP服务启动
[16:42:03]数据服务启动
[17:20:05]程序启动
[17:20:07]UDP服务启动
[17:20:07]数据服务启动
[17:22:35]UDP服务停止
[17:23:04]程序启动
[17:23:05]数据服务启动
[17:23:06]UDP服务启动
[18:05:24]程序启动
[18:05:33]数据服务启动
[18:05:40]UDP服务启动
[18:14:08]数据服务停止
[18:14:09]UDP服务停止
[18:16:22]程序启动
[18:16:35]UDP服务启动
[18:16:35]数据服务启动
[18:17:36]UDP服务停止
[18:17:37]数据服务停止
[18:20:07]程序启动
[18:20:10]数据服务启动
[18:20:10]UDP服务启动
[18:21:37]程序启动
[18:21:39]UDP服务启动
[18:21:40]数据服务启动
[18:41:21]程序启动
[18:41:23]UDP服务启动
[18:41:23]数据服务启动
[18:52:35]数据服务停止
[18:52:36]UDP服务停止
[18:53:51]程序启动
[18:53:56]UDP服务启动
[18:53:57]数据服务启动
[18:58:09]数据服务停止
[18:58:10]UDP服务停止
[18:58:32]程序启动
[18:58:35]UDP服务启动
[18:58:36]数据服务启动
[19:15:05]程序启动
[19:15:08]UDP服务启动
[19:15:09]数据服务启动
[19:24:33]UDP服务停止
[19:24:34]数据服务停止
[19:30:33]程序启动
[19:30:35]UDP服务启动
[19:30:36]数据服务启动
[19:33:22]程序启动
[19:33:25]UDP服务启动
[19:33:25]数据服务启动
[19:39:27]UDP服务停止
[19:39:27]数据服务停止
[19:40:10]程序启动
[19:40:11]UDP服务启动
[19:40:12]数据服务启动
[19:41:04]程序启动
[19:41:07]UDP服务启动
[19:41:07]数据服务启动
[19:50:03]数据服务停止
[19:50:03]UDP服务停止
[20:06:14]程序启动
[20:06:18]UDP服务启动
[20:06:19]数据服务启动
[20:09:29]程序启动
[20:09:33]UDP服务启动
[20:09:34]数据服务启动
[20:10:57]程序启动
[20:10:59]UDP服务启动
[20:11:00]数据服务启动
[20:11:50]程序启动
[20:11:52]UDP服务启动
[20:11:53]数据服务启动
[20:14:23]程序启动
[20:14:25]UDP服务启动
[20:14:26]数据服务启动
[20:15:16]数据服务停止
[20:15:17]UDP服务停止
[20:15:34]程序启动
[20:15:36]UDP服务启动
[20:15:36]数据服务启动
[20:26:49]UDP服务停止
[20:27:11]程序启动
[20:27:19]UDP服务启动
[20:27:20]数据服务启动
[20:42:45]数据服务停止
[20:42:46]UDP服务停止
[20:43:15]程序启动
[20:43:17]UDP服务启动
[20:43:18]数据服务启动
[20:53:48]程序启动
[20:53:50]UDP服务启动
[20:53:51]数据服务启动
[21:16:00]程序启动
[21:16:03]数据服务启动
[21:16:04]UDP服务启动
[21:45:08]UDP服务停止
[21:45:09]数据服务停止
[21:47:01]程序启动
[21:47:08]UDP服务启动
[21:47:09]数据服务启动
[21:48:55]数据服务停止
[21:48:56]UDP服务停止
[21:49:59]程序启动
[21:50:00]UDP服务启动
[21:50:01]数据服务启动
[21:53:58]UDP服务停止
[21:53:59]数据服务停止
[21:54:29]程序启动
[21:54:38]数据服务启动
[21:55:15]UDP服务启动
[21:57:05]程序启动
[21:57:08]UDP服务启动
[21:57:09]数据服务启动
[22:01:58]数据服务停止
[22:01:59]UDP服务停止
[22:06:00]程序启动
[22:06:02]数据服务启动
[22:06:03]UDP服务启动
[22:09:16]程序启动
[22:09:20]UDP服务启动
[22:09:21]数据服务启动
[22:14:24]数据服务停止
[22:14:25]UDP服务停止
[22:15:02]程序启动
[22:15:10]UDP服务启动
[22:15:11]数据服务启动
[22:26:41]UDP服务停止
[22:26:42]数据服务停止
[22:27:54]程序启动
[22:27:57]UDP服务启动
[22:27:58]数据服务启动
[22:28:43]UDP服务停止
[22:28:43]数据服务停止
[22:29:35]程序启动
[22:29:40]UDP服务启动
[22:29:40]数据服务启动
[22:30:48]数据服务停止
[22:30:49]UDP服务停止
[22:32:20]程序启动
[22:32:21]UDP服务启动
[22:32:22]数据服务启动
[22:33:59]数据服务停止
[22:34:00]UDP服务停止
[22:53:57]程序启动
[22:53:59]UDP服务启动
[22:54:00]数据服务启动
[22:57:55]UDP服务停止
[22:57:56]数据服务停止
[22:59:36]程序启动
[22:59:38]UDP服务启动
[22:59:39]数据服务启动
[23:04:20]UDP服务停止
[23:04:22]数据服务停止
[23:04:42]程序启动
[23:05:27]数据服务启动
[23:05:28]UDP服务启动
[23:13:44]程序启动
[23:13:46]UDP服务启动
[23:13:46]数据服务启动
[23:17:03]UDP服务停止
[23:17:04]数据服务停止
[23:17:24]程序启动
[23:17:26]UDP服务启动
[23:17:27]数据服务启动
[23:23:37]UDP服务停止
[23:23:38]数据服务停止
[23:26:23]程序启动
[23:26:25]UDP服务启动
[23:26:25]数据服务启动
[23:32:33]程序启动
[23:32:35]UDP服务启动
[23:32:36]数据服务启动
[23:39:31]UDP服务停止
[23:39:32]数据服务停止
[23:40:35]程序启动
[23:40:39]UDP服务启动
[23:40:40]数据服务启动
[23:42:40]程序启动
[23:42:42]UDP服务启动
[23:42:43]数据服务启动
