[08:51:16]程序启动
[08:51:17]TCP服务启动
[08:51:17]UDP服务启动
[08:51:17]短信猫服务启动
[08:51:17]数据服务启动
[08:51:18]短信猫服务停止
[08:51:18]UDP服务停止
[08:51:19]TCP服务停止
[08:51:20]数据服务停止
[13:36:58]程序启动
[13:36:59]TCP服务启动
[13:36:59]UDP服务启动
[13:36:59]短信猫服务启动
[13:36:59]数据服务启动
[13:37:01]短信猫服务停止
[13:37:03]TCP服务停止
[13:38:42]UDP服务停止
[13:38:44]数据服务停止
[13:38:58]数据服务启动
[13:38:59]UDP服务启动
[13:40:58]UDP服务停止
[13:41:41]程序启动
[13:41:42]TCP服务启动
[13:41:42]UDP服务启动
[13:41:42]短信猫服务启动
[13:41:42]数据服务启动
[13:41:44]数据服务停止
[13:41:45]数据服务启动
[13:41:47]TCP服务停止
[13:43:21]程序启动
[13:43:48]程序启动
[13:43:49]TCP服务启动
[13:43:49]UDP服务启动
[13:43:49]短信猫服务启动
[13:43:49]数据服务启动
[13:45:08]程序启动
[13:45:09]TCP服务启动
[13:45:09]UDP服务启动
[13:45:09]短信猫服务启动
[13:45:09]数据服务启动
[13:45:10]TCP服务停止
[13:45:11]短信猫服务停止
[13:48:29]程序启动
[13:48:30]TCP服务启动
[13:48:30]UDP服务启动
[13:48:30]短信猫服务启动
[13:48:30]数据服务启动
[13:48:32]TCP服务停止
[13:48:33]短信猫服务停止
[14:01:49]程序启动
[14:01:50]TCP服务启动
[14:01:50]UDP服务启动
[14:01:50]短信猫服务启动
[14:01:50]数据服务启动
[14:27:56]短信猫服务停止
[14:27:58]短信猫服务启动
[14:28:00]TCP服务停止
[14:28:02]短信猫服务停止
[15:37:53]程序启动
[15:37:54]TCP服务启动
[15:37:54]UDP服务启动
[15:37:54]短信猫服务启动
[15:37:54]数据服务启动
[15:38:09]短信猫服务停止
[15:38:12]TCP服务停止
[15:53:00]UDP服务停止
[15:53:01]数据服务停止
[16:26:53]程序启动
[16:26:55]TCP服务启动
[16:26:55]UDP服务启动
[16:26:55]短信猫服务启动
[16:26:55]数据服务启动
[16:32:22]短信猫服务停止
[16:32:22]数据服务停止
[16:32:23]UDP服务停止
[16:32:53]程序启动
[16:32:54]TCP服务启动
[16:32:54]UDP服务启动
[16:32:54]短信猫服务启动
[16:32:54]数据服务启动
[16:35:03]程序启动
[16:35:04]TCP服务启动
[16:35:04]UDP服务启动
[16:35:04]短信猫服务启动
[16:35:04]数据服务启动
[16:35:05]TCP服务停止
[16:35:06]短信猫服务停止
[17:01:11]程序启动
[17:01:12]TCP服务启动
[17:01:12]UDP服务启动
[17:01:12]短信猫服务启动
[17:01:12]数据服务启动
[17:04:51]程序启动
[17:04:52]TCP服务启动
[17:04:52]UDP服务启动
[17:04:52]短信猫服务启动
[17:04:52]数据服务启动
[17:04:54]TCP服务停止
[17:04:57]短信猫服务停止
[17:43:36]程序启动
[17:43:37]TCP服务启动
[17:43:37]UDP服务启动
[17:43:37]短信猫服务启动
[17:43:37]数据服务启动
[17:43:38]TCP服务停止
[17:43:39]短信猫服务停止
[17:43:48]数据服务停止
[17:43:48]UDP服务停止
[18:25:50]UDP服务启动
