[12:43:09]程序启动
[12:43:11]TCP服务启动
[12:43:11]UDP服务启动
[12:43:11]短信猫服务启动
[12:43:11]数据服务启动
[13:23:29]TCP服务停止
[13:23:29]UDP服务停止
[13:23:30]短信猫服务停止
[13:23:30]数据服务停止
[13:24:04]TCP服务启动
[13:24:05]UDP服务启动
[13:24:06]短信猫服务启动
[13:24:06]数据服务启动
[13:25:23]TCP服务停止
[13:25:23]UDP服务停止
[13:25:23]短信猫服务停止
[13:25:24]数据服务停止
[13:25:31]数据服务启动
[13:25:31]短信猫服务启动
[13:25:32]UDP服务启动
[13:25:32]TCP服务启动
[14:17:24]数据服务停止
[14:17:24]短信猫服务停止
[14:17:25]UDP服务停止
[14:17:25]TCP服务停止
[14:48:09]程序启动
[14:48:10]TCP服务启动
[14:48:10]UDP服务启动
[14:48:10]短信猫服务启动
[14:48:10]数据服务启动
[16:53:10]程序启动
[16:53:11]TCP服务启动
[16:53:11]UDP服务启动
[16:53:11]短信猫服务启动
[16:53:11]数据服务启动
